<?xml version="1.0" encoding="UTF-8"?>
<testsuite xmlns:xsi="http://www.w3.org/2001/XMLSchema-instance" xsi:noNamespaceSchemaLocation="https://maven.apache.org/surefire/maven-surefire-plugin/xsd/surefire-test-report.xsd" name="com.graves.springbootkafkademo.SpringbootkafkademoApplicationTests" time="3.326" tests="1" errors="0" skipped="0" failures="0">
  <properties>
    <property name="sun.desktop" value="windows"/>
    <property name="awt.toolkit" value="sun.awt.windows.WToolkit"/>
    <property name="file.encoding.pkg" value="sun.io"/>
    <property name="java.specification.version" value="1.8"/>
    <property name="sun.cpu.isalist" value="amd64"/>
    <property name="sun.jnu.encoding" value="GBK"/>
    <property name="java.class.path" value="E:\GithubRepository\springbootKafkaDemo\target\test-classes;E:\GithubRepository\springbootKafkaDemo\target\classes;D:\Maven-Repository\org\springframework\boot\spring-boot-starter-web\2.1.14.RELEASE\spring-boot-starter-web-2.1.14.RELEASE.jar;D:\Maven-Repository\org\springframework\boot\spring-boot-starter\2.1.14.RELEASE\spring-boot-starter-2.1.14.RELEASE.jar;D:\Maven-Repository\org\springframework\boot\spring-boot\2.1.14.RELEASE\spring-boot-2.1.14.RELEASE.jar;D:\Maven-Repository\org\springframework\boot\spring-boot-autoconfigure\2.1.14.RELEASE\spring-boot-autoconfigure-2.1.14.RELEASE.jar;D:\Maven-Repository\org\springframework\boot\spring-boot-starter-logging\2.1.14.RELEASE\spring-boot-starter-logging-2.1.14.RELEASE.jar;D:\Maven-Repository\ch\qos\logback\logback-classic\1.2.3\logback-classic-1.2.3.jar;D:\Maven-Repository\ch\qos\logback\logback-core\1.2.3\logback-core-1.2.3.jar;D:\Maven-Repository\org\apache\logging\log4j\log4j-to-slf4j\2.11.2\log4j-to-slf4j-2.11.2.jar;D:\Maven-Repository\org\apache\logging\log4j\log4j-api\2.11.2\log4j-api-2.11.2.jar;D:\Maven-Repository\org\slf4j\jul-to-slf4j\1.7.30\jul-to-slf4j-1.7.30.jar;D:\Maven-Repository\javax\annotation\javax.annotation-api\1.3.2\javax.annotation-api-1.3.2.jar;D:\Maven-Repository\org\yaml\snakeyaml\1.23\snakeyaml-1.23.jar;D:\Maven-Repository\org\springframework\boot\spring-boot-starter-json\2.1.14.RELEASE\spring-boot-starter-json-2.1.14.RELEASE.jar;D:\Maven-Repository\com\fasterxml\jackson\core\jackson-databind\2.9.10.4\jackson-databind-2.9.10.4.jar;D:\Maven-Repository\com\fasterxml\jackson\core\jackson-annotations\2.9.10\jackson-annotations-2.9.10.jar;D:\Maven-Repository\com\fasterxml\jackson\core\jackson-core\2.9.10\jackson-core-2.9.10.jar;D:\Maven-Repository\com\fasterxml\jackson\datatype\jackson-datatype-jdk8\2.9.10\jackson-datatype-jdk8-2.9.10.jar;D:\Maven-Repository\com\fasterxml\jackson\datatype\jackson-datatype-jsr310\2.9.10\jackson-datatype-jsr310-2.9.10.jar;D:\Maven-Repository\com\fasterxml\jackson\module\jackson-module-parameter-names\2.9.10\jackson-module-parameter-names-2.9.10.jar;D:\Maven-Repository\org\springframework\boot\spring-boot-starter-tomcat\2.1.14.RELEASE\spring-boot-starter-tomcat-2.1.14.RELEASE.jar;D:\Maven-Repository\org\apache\tomcat\embed\tomcat-embed-core\9.0.34\tomcat-embed-core-9.0.34.jar;D:\Maven-Repository\org\apache\tomcat\embed\tomcat-embed-el\9.0.34\tomcat-embed-el-9.0.34.jar;D:\Maven-Repository\org\apache\tomcat\embed\tomcat-embed-websocket\9.0.34\tomcat-embed-websocket-9.0.34.jar;D:\Maven-Repository\org\hibernate\validator\hibernate-validator\6.0.19.Final\hibernate-validator-6.0.19.Final.jar;D:\Maven-Repository\javax\validation\validation-api\2.0.1.Final\validation-api-2.0.1.Final.jar;D:\Maven-Repository\org\jboss\logging\jboss-logging\3.3.3.Final\jboss-logging-3.3.3.Final.jar;D:\Maven-Repository\com\fasterxml\classmate\1.4.0\classmate-1.4.0.jar;D:\Maven-Repository\org\springframework\spring-web\5.1.15.RELEASE\spring-web-5.1.15.RELEASE.jar;D:\Maven-Repository\org\springframework\spring-beans\5.1.15.RELEASE\spring-beans-5.1.15.RELEASE.jar;D:\Maven-Repository\org\springframework\spring-webmvc\5.1.15.RELEASE\spring-webmvc-5.1.15.RELEASE.jar;D:\Maven-Repository\org\springframework\spring-aop\5.1.15.RELEASE\spring-aop-5.1.15.RELEASE.jar;D:\Maven-Repository\org\springframework\spring-expression\5.1.15.RELEASE\spring-expression-5.1.15.RELEASE.jar;D:\Maven-Repository\org\springframework\kafka\spring-kafka\2.2.13.RELEASE\spring-kafka-2.2.13.RELEASE.jar;D:\Maven-Repository\org\springframework\spring-context\5.1.15.RELEASE\spring-context-5.1.15.RELEASE.jar;D:\Maven-Repository\org\springframework\spring-messaging\5.1.15.RELEASE\spring-messaging-5.1.15.RELEASE.jar;D:\Maven-Repository\org\springframework\spring-tx\5.1.15.RELEASE\spring-tx-5.1.15.RELEASE.jar;D:\Maven-Repository\org\springframework\retry\spring-retry\1.2.5.RELEASE\spring-retry-1.2.5.RELEASE.jar;D:\Maven-Repository\org\apache\kafka\kafka-clients\2.0.1\kafka-clients-2.0.1.jar;D:\Maven-Repository\org\lz4\lz4-java\1.4.1\lz4-java-1.4.1.jar;D:\Maven-Repository\org\xerial\snappy\snappy-java\1.1.7.1\snappy-java-1.1.7.1.jar;D:\Maven-Repository\org\slf4j\slf4j-api\1.7.30\slf4j-api-1.7.30.jar;D:\Maven-Repository\org\springframework\boot\spring-boot-starter-test\2.1.14.RELEASE\spring-boot-starter-test-2.1.14.RELEASE.jar;D:\Maven-Repository\org\springframework\boot\spring-boot-test\2.1.14.RELEASE\spring-boot-test-2.1.14.RELEASE.jar;D:\Maven-Repository\org\springframework\boot\spring-boot-test-autoconfigure\2.1.14.RELEASE\spring-boot-test-autoconfigure-2.1.14.RELEASE.jar;D:\Maven-Repository\com\jayway\jsonpath\json-path\2.4.0\json-path-2.4.0.jar;D:\Maven-Repository\net\minidev\json-smart\2.3\json-smart-2.3.jar;D:\Maven-Repository\net\minidev\accessors-smart\1.2\accessors-smart-1.2.jar;D:\Maven-Repository\org\ow2\asm\asm\5.0.4\asm-5.0.4.jar;D:\Maven-Repository\junit\junit\4.12\junit-4.12.jar;D:\Maven-Repository\org\assertj\assertj-core\3.11.1\assertj-core-3.11.1.jar;D:\Maven-Repository\org\mockito\mockito-core\2.23.4\mockito-core-2.23.4.jar;D:\Maven-Repository\net\bytebuddy\byte-buddy\1.9.16\byte-buddy-1.9.16.jar;D:\Maven-Repository\net\bytebuddy\byte-buddy-agent\1.9.16\byte-buddy-agent-1.9.16.jar;D:\Maven-Repository\org\objenesis\objenesis\2.6\objenesis-2.6.jar;D:\Maven-Repository\org\hamcrest\hamcrest-core\1.3\hamcrest-core-1.3.jar;D:\Maven-Repository\org\hamcrest\hamcrest-library\1.3\hamcrest-library-1.3.jar;D:\Maven-Repository\org\skyscreamer\jsonassert\1.5.0\jsonassert-1.5.0.jar;D:\Maven-Repository\com\vaadin\external\google\android-json\0.0.20131108.vaadin1\android-json-0.0.20131108.vaadin1.jar;D:\Maven-Repository\org\springframework\spring-core\5.1.15.RELEASE\spring-core-5.1.15.RELEASE.jar;D:\Maven-Repository\org\springframework\spring-jcl\5.1.15.RELEASE\spring-jcl-5.1.15.RELEASE.jar;D:\Maven-Repository\org\springframework\spring-test\5.1.15.RELEASE\spring-test-5.1.15.RELEASE.jar;D:\Maven-Repository\org\xmlunit\xmlunit-core\2.6.4\xmlunit-core-2.6.4.jar;D:\Maven-Repository\org\springframework\kafka\spring-kafka-test\2.2.13.RELEASE\spring-kafka-test-2.2.13.RELEASE.jar;D:\Maven-Repository\org\apache\kafka\kafka-clients\2.0.1\kafka-clients-2.0.1-test.jar;D:\Maven-Repository\org\apache\kafka\kafka_2.11\2.0.1\kafka_2.11-2.0.1.jar;D:\Maven-Repository\net\sf\jopt-simple\jopt-simple\5.0.4\jopt-simple-5.0.4.jar;D:\Maven-Repository\com\yammer\metrics\metrics-core\2.2.0\metrics-core-2.2.0.jar;D:\Maven-Repository\org\scala-lang\scala-library\2.11.12\scala-library-2.11.12.jar;D:\Maven-Repository\org\scala-lang\scala-reflect\2.11.12\scala-reflect-2.11.12.jar;D:\Maven-Repository\com\typesafe\scala-logging\scala-logging_2.11\3.9.0\scala-logging_2.11-3.9.0.jar;D:\Maven-Repository\com\101tec\zkclient\0.10\zkclient-0.10.jar;D:\Maven-Repository\org\apache\zookeeper\zookeeper\3.4.13\zookeeper-3.4.13.jar;D:\Maven-Repository\org\apache\yetus\audience-annotations\0.5.0\audience-annotations-0.5.0.jar;D:\Maven-Repository\org\apache\kafka\kafka_2.11\2.0.1\kafka_2.11-2.0.1-test.jar;"/>
    <property name="java.vm.vendor" value="Oracle Corporation"/>
    <property name="sun.arch.data.model" value="64"/>
    <property name="user.variant" value=""/>
    <property name="java.vendor.url" value="http://java.oracle.com/"/>
    <property name="user.timezone" value="Asia/Shanghai"/>
    <property name="java.vm.specification.version" value="1.8"/>
    <property name="os.name" value="Windows 7"/>
    <property name="user.country" value="CN"/>
    <property name="sun.java.launcher" value="SUN_STANDARD"/>
    <property name="sun.boot.library.path" value="C:\Program Files\Java\jdk1.8.0_11\jre\bin"/>
    <property name="sun.java.command" value="C:\Users\ADMINI~1\AppData\Local\Temp\surefire6946799657123245626\surefirebooter3076931721987427256.jar C:\Users\Administrator\AppData\Local\Temp\surefire6946799657123245626 2020-05-20T14-20-12_568-jvmRun1 surefire8902627157739102254tmp surefire_07781549473076270908tmp"/>
    <property name="surefire.test.class.path" value="E:\GithubRepository\springbootKafkaDemo\target\test-classes;E:\GithubRepository\springbootKafkaDemo\target\classes;D:\Maven-Repository\org\springframework\boot\spring-boot-starter-web\2.1.14.RELEASE\spring-boot-starter-web-2.1.14.RELEASE.jar;D:\Maven-Repository\org\springframework\boot\spring-boot-starter\2.1.14.RELEASE\spring-boot-starter-2.1.14.RELEASE.jar;D:\Maven-Repository\org\springframework\boot\spring-boot\2.1.14.RELEASE\spring-boot-2.1.14.RELEASE.jar;D:\Maven-Repository\org\springframework\boot\spring-boot-autoconfigure\2.1.14.RELEASE\spring-boot-autoconfigure-2.1.14.RELEASE.jar;D:\Maven-Repository\org\springframework\boot\spring-boot-starter-logging\2.1.14.RELEASE\spring-boot-starter-logging-2.1.14.RELEASE.jar;D:\Maven-Repository\ch\qos\logback\logback-classic\1.2.3\logback-classic-1.2.3.jar;D:\Maven-Repository\ch\qos\logback\logback-core\1.2.3\logback-core-1.2.3.jar;D:\Maven-Repository\org\apache\logging\log4j\log4j-to-slf4j\2.11.2\log4j-to-slf4j-2.11.2.jar;D:\Maven-Repository\org\apache\logging\log4j\log4j-api\2.11.2\log4j-api-2.11.2.jar;D:\Maven-Repository\org\slf4j\jul-to-slf4j\1.7.30\jul-to-slf4j-1.7.30.jar;D:\Maven-Repository\javax\annotation\javax.annotation-api\1.3.2\javax.annotation-api-1.3.2.jar;D:\Maven-Repository\org\yaml\snakeyaml\1.23\snakeyaml-1.23.jar;D:\Maven-Repository\org\springframework\boot\spring-boot-starter-json\2.1.14.RELEASE\spring-boot-starter-json-2.1.14.RELEASE.jar;D:\Maven-Repository\com\fasterxml\jackson\core\jackson-databind\2.9.10.4\jackson-databind-2.9.10.4.jar;D:\Maven-Repository\com\fasterxml\jackson\core\jackson-annotations\2.9.10\jackson-annotations-2.9.10.jar;D:\Maven-Repository\com\fasterxml\jackson\core\jackson-core\2.9.10\jackson-core-2.9.10.jar;D:\Maven-Repository\com\fasterxml\jackson\datatype\jackson-datatype-jdk8\2.9.10\jackson-datatype-jdk8-2.9.10.jar;D:\Maven-Repository\com\fasterxml\jackson\datatype\jackson-datatype-jsr310\2.9.10\jackson-datatype-jsr310-2.9.10.jar;D:\Maven-Repository\com\fasterxml\jackson\module\jackson-module-parameter-names\2.9.10\jackson-module-parameter-names-2.9.10.jar;D:\Maven-Repository\org\springframework\boot\spring-boot-starter-tomcat\2.1.14.RELEASE\spring-boot-starter-tomcat-2.1.14.RELEASE.jar;D:\Maven-Repository\org\apache\tomcat\embed\tomcat-embed-core\9.0.34\tomcat-embed-core-9.0.34.jar;D:\Maven-Repository\org\apache\tomcat\embed\tomcat-embed-el\9.0.34\tomcat-embed-el-9.0.34.jar;D:\Maven-Repository\org\apache\tomcat\embed\tomcat-embed-websocket\9.0.34\tomcat-embed-websocket-9.0.34.jar;D:\Maven-Repository\org\hibernate\validator\hibernate-validator\6.0.19.Final\hibernate-validator-6.0.19.Final.jar;D:\Maven-Repository\javax\validation\validation-api\2.0.1.Final\validation-api-2.0.1.Final.jar;D:\Maven-Repository\org\jboss\logging\jboss-logging\3.3.3.Final\jboss-logging-3.3.3.Final.jar;D:\Maven-Repository\com\fasterxml\classmate\1.4.0\classmate-1.4.0.jar;D:\Maven-Repository\org\springframework\spring-web\5.1.15.RELEASE\spring-web-5.1.15.RELEASE.jar;D:\Maven-Repository\org\springframework\spring-beans\5.1.15.RELEASE\spring-beans-5.1.15.RELEASE.jar;D:\Maven-Repository\org\springframework\spring-webmvc\5.1.15.RELEASE\spring-webmvc-5.1.15.RELEASE.jar;D:\Maven-Repository\org\springframework\spring-aop\5.1.15.RELEASE\spring-aop-5.1.15.RELEASE.jar;D:\Maven-Repository\org\springframework\spring-expression\5.1.15.RELEASE\spring-expression-5.1.15.RELEASE.jar;D:\Maven-Repository\org\springframework\kafka\spring-kafka\2.2.13.RELEASE\spring-kafka-2.2.13.RELEASE.jar;D:\Maven-Repository\org\springframework\spring-context\5.1.15.RELEASE\spring-context-5.1.15.RELEASE.jar;D:\Maven-Repository\org\springframework\spring-messaging\5.1.15.RELEASE\spring-messaging-5.1.15.RELEASE.jar;D:\Maven-Repository\org\springframework\spring-tx\5.1.15.RELEASE\spring-tx-5.1.15.RELEASE.jar;D:\Maven-Repository\org\springframework\retry\spring-retry\1.2.5.RELEASE\spring-retry-1.2.5.RELEASE.jar;D:\Maven-Repository\org\apache\kafka\kafka-clients\2.0.1\kafka-clients-2.0.1.jar;D:\Maven-Repository\org\lz4\lz4-java\1.4.1\lz4-java-1.4.1.jar;D:\Maven-Repository\org\xerial\snappy\snappy-java\1.1.7.1\snappy-java-1.1.7.1.jar;D:\Maven-Repository\org\slf4j\slf4j-api\1.7.30\slf4j-api-1.7.30.jar;D:\Maven-Repository\org\springframework\boot\spring-boot-starter-test\2.1.14.RELEASE\spring-boot-starter-test-2.1.14.RELEASE.jar;D:\Maven-Repository\org\springframework\boot\spring-boot-test\2.1.14.RELEASE\spring-boot-test-2.1.14.RELEASE.jar;D:\Maven-Repository\org\springframework\boot\spring-boot-test-autoconfigure\2.1.14.RELEASE\spring-boot-test-autoconfigure-2.1.14.RELEASE.jar;D:\Maven-Repository\com\jayway\jsonpath\json-path\2.4.0\json-path-2.4.0.jar;D:\Maven-Repository\net\minidev\json-smart\2.3\json-smart-2.3.jar;D:\Maven-Repository\net\minidev\accessors-smart\1.2\accessors-smart-1.2.jar;D:\Maven-Repository\org\ow2\asm\asm\5.0.4\asm-5.0.4.jar;D:\Maven-Repository\junit\junit\4.12\junit-4.12.jar;D:\Maven-Repository\org\assertj\assertj-core\3.11.1\assertj-core-3.11.1.jar;D:\Maven-Repository\org\mockito\mockito-core\2.23.4\mockito-core-2.23.4.jar;D:\Maven-Repository\net\bytebuddy\byte-buddy\1.9.16\byte-buddy-1.9.16.jar;D:\Maven-Repository\net\bytebuddy\byte-buddy-agent\1.9.16\byte-buddy-agent-1.9.16.jar;D:\Maven-Repository\org\objenesis\objenesis\2.6\objenesis-2.6.jar;D:\Maven-Repository\org\hamcrest\hamcrest-core\1.3\hamcrest-core-1.3.jar;D:\Maven-Repository\org\hamcrest\hamcrest-library\1.3\hamcrest-library-1.3.jar;D:\Maven-Repository\org\skyscreamer\jsonassert\1.5.0\jsonassert-1.5.0.jar;D:\Maven-Repository\com\vaadin\external\google\android-json\0.0.20131108.vaadin1\android-json-0.0.20131108.vaadin1.jar;D:\Maven-Repository\org\springframework\spring-core\5.1.15.RELEASE\spring-core-5.1.15.RELEASE.jar;D:\Maven-Repository\org\springframework\spring-jcl\5.1.15.RELEASE\spring-jcl-5.1.15.RELEASE.jar;D:\Maven-Repository\org\springframework\spring-test\5.1.15.RELEASE\spring-test-5.1.15.RELEASE.jar;D:\Maven-Repository\org\xmlunit\xmlunit-core\2.6.4\xmlunit-core-2.6.4.jar;D:\Maven-Repository\org\springframework\kafka\spring-kafka-test\2.2.13.RELEASE\spring-kafka-test-2.2.13.RELEASE.jar;D:\Maven-Repository\org\apache\kafka\kafka-clients\2.0.1\kafka-clients-2.0.1-test.jar;D:\Maven-Repository\org\apache\kafka\kafka_2.11\2.0.1\kafka_2.11-2.0.1.jar;D:\Maven-Repository\net\sf\jopt-simple\jopt-simple\5.0.4\jopt-simple-5.0.4.jar;D:\Maven-Repository\com\yammer\metrics\metrics-core\2.2.0\metrics-core-2.2.0.jar;D:\Maven-Repository\org\scala-lang\scala-library\2.11.12\scala-library-2.11.12.jar;D:\Maven-Repository\org\scala-lang\scala-reflect\2.11.12\scala-reflect-2.11.12.jar;D:\Maven-Repository\com\typesafe\scala-logging\scala-logging_2.11\3.9.0\scala-logging_2.11-3.9.0.jar;D:\Maven-Repository\com\101tec\zkclient\0.10\zkclient-0.10.jar;D:\Maven-Repository\org\apache\zookeeper\zookeeper\3.4.13\zookeeper-3.4.13.jar;D:\Maven-Repository\org\apache\yetus\audience-annotations\0.5.0\audience-annotations-0.5.0.jar;D:\Maven-Repository\org\apache\kafka\kafka_2.11\2.0.1\kafka_2.11-2.0.1-test.jar;"/>
    <property name="sun.cpu.endian" value="little"/>
    <property name="user.home" value="C:\Users\Administrator"/>
    <property name="user.language" value="zh"/>
    <property name="java.specification.vendor" value="Oracle Corporation"/>
    <property name="java.home" value="C:\Program Files\Java\jdk1.8.0_11\jre"/>
    <property name="basedir" value="E:\GithubRepository\springbootKafkaDemo"/>
    <property name="file.separator" value="\"/>
    <property name="line.separator" value="&#10;"/>
    <property name="java.vm.specification.vendor" value="Oracle Corporation"/>
    <property name="java.specification.name" value="Java Platform API Specification"/>
    <property name="java.awt.graphicsenv" value="sun.awt.Win32GraphicsEnvironment"/>
    <property name="surefire.real.class.path" value="C:\Users\ADMINI~1\AppData\Local\Temp\surefire6946799657123245626\surefirebooter3076931721987427256.jar"/>
    <property name="sun.boot.class.path" value="C:\Program Files\Java\jdk1.8.0_11\jre\lib\resources.jar;C:\Program Files\Java\jdk1.8.0_11\jre\lib\rt.jar;C:\Program Files\Java\jdk1.8.0_11\jre\lib\sunrsasign.jar;C:\Program Files\Java\jdk1.8.0_11\jre\lib\jsse.jar;C:\Program Files\Java\jdk1.8.0_11\jre\lib\jce.jar;C:\Program Files\Java\jdk1.8.0_11\jre\lib\charsets.jar;C:\Program Files\Java\jdk1.8.0_11\jre\lib\jfr.jar;C:\Program Files\Java\jdk1.8.0_11\jre\classes"/>
    <property name="user.script" value=""/>
    <property name="sun.management.compiler" value="HotSpot 64-Bit Tiered Compilers"/>
    <property name="java.runtime.version" value="1.8.0_11-b12"/>
    <property name="user.name" value="Administrator"/>
    <property name="path.separator" value=";"/>
    <property name="os.version" value="6.1"/>
    <property name="java.endorsed.dirs" value="C:\Program Files\Java\jdk1.8.0_11\jre\lib\endorsed"/>
    <property name="java.runtime.name" value="Java(TM) SE Runtime Environment"/>
    <property name="file.encoding" value="GBK"/>
    <property name="java.vm.name" value="Java HotSpot(TM) 64-Bit Server VM"/>
    <property name="localRepository" value="D:\Maven-Repository"/>
    <property name="java.vendor.url.bug" value="http://bugreport.sun.com/bugreport/"/>
    <property name="java.io.tmpdir" value="C:\Users\ADMINI~1\AppData\Local\Temp\"/>
    <property name="java.version" value="1.8.0_11"/>
    <property name="user.dir" value="E:\GithubRepository\springbootKafkaDemo"/>
    <property name="os.arch" value="amd64"/>
    <property name="java.vm.specification.name" value="Java Virtual Machine Specification"/>
    <property name="java.awt.printerjob" value="sun.awt.windows.WPrinterJob"/>
    <property name="sun.os.patch.level" value="Service Pack 1"/>
    <property name="java.library.path" value="C:\Program Files\Java\jdk1.8.0_11\jre\bin;C:\Windows\Sun\Java\bin;C:\Windows\system32;C:\Windows;C:/Program Files/Java/jdk1.8.0_11/bin/../jre/bin/server;C:/Program Files/Java/jdk1.8.0_11/bin/../jre/bin;C:/Program Files/Java/jdk1.8.0_11/bin/../jre/lib/amd64;C:\Windows\system32;C:\Windows;C:\Windows\System32\Wbem;C:\Windows\System32\WindowsPowerShell\v1.0\;C:\Program Files\Java\jdk1.8.0_11\bin;C:\Program Files\Java\jdk1.8.0_11\jre\bin;C:\Python27;C:\Python27\Scripts;D:\Software\apache-maven-3.5.4\bin;D:\MongoDB-4.05\bin;D:\program files\erl10.0.1\bin;D:\Program Files\rabbitmq-server-windows-3.7.7\sbin;D:\TortoiseSVN\bin;D:\apache-tomcat-8.0.53-windows-x64\apache-tomcat-8.0.53\lib;D:\apache-tomcat-8.0.53-windows-x64\apache-tomcat-8.0.53\bin;C:\Users\Administrator\AppData\Local\BypassRuntm;C:\Users\Administrator\AppData\Local\GitHubDesktop\bin;D:\eclipse;;."/>
    <property name="java.vm.info" value="mixed mode"/>
    <property name="java.vendor" value="Oracle Corporation"/>
    <property name="java.vm.version" value="25.11-b03"/>
    <property name="java.ext.dirs" value="C:\Program Files\Java\jdk1.8.0_11\jre\lib\ext;C:\Windows\Sun\Java\lib\ext"/>
    <property name="sun.io.unicode.encoding" value="UnicodeLittle"/>
    <property name="java.class.version" value="52.0"/>
  </properties>
  <testcase name="contextLoads" classname="com.graves.springbootkafkademo.SpringbootkafkademoApplicationTests" time="0.135"/>
</testsuite>